Log file open, 09/16/18 16:19:20
LogWindows: Failed to load 'aqProf.dll' (GetLastError=126)
LogWindows: File 'aqProf.dll' does not exist
LogWindows: Failed to load 'VtuneApi.dll' (GetLastError=126)
LogWindows: File 'VtuneApi.dll' does not exist
LogWindows: Failed to load 'VtuneApi32e.dll' (GetLastError=126)
LogWindows: File 'VtuneApi32e.dll' does not exist
LogInit: Display: Running engine for game: RGB
LogPlatformFile: Not using cached read wrapper
LogInit: Display: RandInit(595396795) SRandInit(595396795).
LogInit: Read version file with build ID '3944462'
LogInit: Overriding engine version to CL 4033788, compatible CL 3944462
LogInit: Registered custom module enumerator with build ID '3944462'
LogTaskGraph: Started task graph with 5 named threads and 23 total threads with 3 sets of task threads.
LogStats: Stats thread started at 0.292696
LogD3D11RHI: Aftermath initialized
LogICUInternationalization: Display: ICU TimeZone Detection - Raw Offset: +2:00, Platform Override: ''
LogModuleManager: Display: Found up-to-date module file ../../../Engine/Plugins/2D/Paper2D/Binaries/Win64/UE4Editor-Paper2D.dll (API version 3944462).
LogModuleManager: Display: Found up-to-date module file ../../../Engine/Plugins/2D/Paper2D/Binaries/Win64/UE4Editor-Paper2DEditor.dll (API version 3944462).
LogModuleManager: Display: Found up-to-date module file ../../../Engine/Plugins/2D/Paper2D/Binaries/Win64/UE4Editor-PaperSpriteSheetImporter.dll (API version 3944462).
LogModuleManager: Display: Found up-to-date module file ../../../Engine/Plugins/2D/Paper2D/Binaries/Win64/UE4Editor-PaperTiledImporter.dll (API version 3944462).
LogModuleManager: Display: Found up-to-date module file ../../../Engine/Plugins/2D/Paper2D/Binaries/Win64/UE4Editor-SmartSnapping.dll (API version 3944462).
LogModuleManager: Display: Found up-to-date module file ../../../Engine/Plugins/Blendables/LightPropagationVolume/Binaries/Win64/UE4Editor-LightPropagationVolumeRuntime.dll (API version 3944462).
LogModuleManager: Display: Found up-to-date module file ../../../Engine/Plugins/Blendables/LightPropagationVolume/Binaries/Win64/UE4Editor-LightPropagationVolumeEditor.dll (API version 3944462).
LogModuleManager: Display: Found up-to-date module file ../../../Engine/Plugins/Developer/CLionSourceCodeAccess/Binaries/Win64/UE4Editor-CLionSourceCodeAccess.dll (API version 3944462).
LogModuleManager: Display: Found up-to-date module file ../../../Engine/Plugins/Developer/GitSourceControl/Binaries/Win64/UE4Editor-GitSourceControl.dll (API version 3944462).
LogModuleManager: Display: Found up-to-date module file ../../../Engine/Plugins/Developer/PerforceSourceControl/Binaries/Win64/UE4Editor-PerforceSourceControl.dll (API version 3944462).
LogModuleManager: Display: Found up-to-date module file ../../../Engine/Plugins/Developer/SubversionSourceControl/Binaries/Win64/UE4Editor-SubversionSourceControl.dll (API version 3944462).
LogModuleManager: Display: Found up-to-date module file ../../../Engine/Plugins/Developer/UObjectPlugin/Binaries/Win64/UE4Editor-UObjectPlugin.dll (API version 3944462).
LogModuleManager: Display: Found up-to-date module file ../../../Engine/Plugins/Developer/VisualStudioCodeSourceCodeAccess/Binaries/Win64/UE4Editor-VisualStudioCodeSourceCodeAccess.dll (API version 3944462).
LogModuleManager: Display: Found up-to-date module file ../../../Engine/Plugins/Developer/VisualStudioSourceCodeAccess/Binaries/Win64/UE4Editor-VisualStudioSourceCodeAccess.dll (API version 3944462).
LogModuleManager: Display: Found up-to-date module file ../../../Engine/Plugins/Editor/AssetManagerEditor/Binaries/Win64/UE4Editor-AssetManagerEditor.dll (API version 3944462).
LogModuleManager: Display: Found up-to-date module file ../../../Engine/Plugins/Editor/CryptoKeys/Binaries/Win64/UE4Editor-CryptoKeys.dll (API version 3944462).
LogModuleManager: Display: Found up-to-date module file ../../../Engine/Plugins/Editor/CryptoKeys/Binaries/Win64/UE4Editor-CryptoKeysOpenSSL.dll (API version 3944462).
LogModuleManager: Display: Found up-to-date module file ../../../Engine/Plugins/Editor/DataValidation/Binaries/Win64/UE4Editor-DataValidation.dll (API version 3944462).
LogModuleManager: Display: Found up-to-date module file ../../../Engine/Plugins/Editor/FacialAnimation/Binaries/Win64/UE4Editor-FacialAnimation.dll (API version 3944462).
LogModuleManager: Display: Found up-to-date module file ../../../Engine/Plugins/Editor/FacialAnimation/Binaries/Win64/UE4Editor-FacialAnimationEditor.dll (API version 3944462).
LogModuleManager: Display: Found up-to-date module file ../../../Engine/Plugins/Editor/GameplayTagsEditor/Binaries/Win64/UE4Editor-GameplayTagsEditor.dll (API version 3944462).
LogModuleManager: Display: Found up-to-date module file ../../../Engine/Plugins/Editor/MobileLauncherProfileWizard/Binaries/Win64/UE4Editor-MobileLauncherProfileWizard.dll (API version 3944462).
LogModuleManager: Display: Found up-to-date module file ../../../Engine/Plugins/Editor/PluginBrowser/Binaries/Win64/UE4Editor-PluginBrowser.dll (API version 3944462).
LogModuleManager: Display: Found up-to-date module file ../../../Engine/Plugins/Editor/SpeedTreeImporter/Binaries/Win64/UE4Editor-SpeedTreeImporter.dll (API version 3944462).
LogModuleManager: Display: Found up-to-date module file ../../../Engine/Plugins/Enterprise/DatasmithContent/Binaries/Win64/UE4Editor-DatasmithContent.dll (API version 3944462).
LogModuleManager: Display: Found up-to-date module file ../../../Engine/Plugins/Experimental/AlembicImporter/Binaries/Win64/UE4Editor-AlembicImporter.dll (API version 3944462).
LogModuleManager: Display: Found up-to-date module file ../../../Engine/Plugins/Experimental/AlembicImporter/Binaries/Win64/UE4Editor-AlembicLibrary.dll (API version 3944462).
LogModuleManager: Display: Found up-to-date module file ../../../Engine/Plugins/Experimental/CharacterAI/Binaries/Win64/UE4Editor-CharacterAI.dll (API version 3944462).
LogModuleManager: Display: Found up-to-date module file ../../../Engine/Plugins/Experimental/HTML5Networking/Binaries/Win64/UE4Editor-HTML5Networking.dll (API version 3944462).
LogModuleManager: Display: Found up-to-date module file ../../../Engine/Plugins/Media/AndroidMedia/Binaries/Win64/UE4Editor-AndroidMediaEditor.dll (API version 3944462).
LogModuleManager: Display: Found up-to-date module file ../../../Engine/Plugins/Media/AndroidMedia/Binaries/Win64/UE4Editor-AndroidMediaFactory.dll (API version 3944462).
LogModuleManager: Display: Found up-to-date module file ../../../Engine/Plugins/Media/AvfMedia/Binaries/Win64/UE4Editor-AvfMediaEditor.dll (API version 3944462).
LogModuleManager: Display: Found up-to-date module file ../../../Engine/Plugins/Media/AvfMedia/Binaries/Win64/UE4Editor-AvfMediaFactory.dll (API version 3944462).
LogModuleManager: Display: Found up-to-date module file ../../../Engine/Plugins/Media/AvfMedia/Binaries/Win64/UE4Editor-AvfMediaFactory.dll (API version 3944462).
LogModuleManager: Display: Found up-to-date module file ../../../Engine/Plugins/Media/ImgMedia/Binaries/Win64/UE4Editor-ImgMedia.dll (API version 3944462).
LogModuleManager: Display: Found up-to-date module file ../../../Engine/Plugins/Media/ImgMedia/Binaries/Win64/UE4Editor-ImgMediaEditor.dll (API version 3944462).
LogModuleManager: Display: Found up-to-date module file ../../../Engine/Plugins/Media/ImgMedia/Binaries/Win64/UE4Editor-ImgMediaFactory.dll (API version 3944462).
LogModuleManager: Display: Found up-to-date module file ../../../Engine/Plugins/Media/ImgMedia/Binaries/Win64/UE4Editor-ImgMediaFactory.dll (API version 3944462).
LogModuleManager: Display: Found up-to-date module file ../../../Engine/Plugins/Media/ImgMedia/Binaries/Win64/UE4Editor-OpenExrWrapper.dll (API version 3944462).
LogModuleManager: Display: Found up-to-date module file ../../../Engine/Plugins/Media/LinearTimecode/Binaries/Win64/UE4Editor-LinearTimecode.dll (API version 3944462).
LogModuleManager: Display: Found up-to-date module file ../../../Engine/Plugins/Media/MediaCompositing/Binaries/Win64/UE4Editor-MediaCompositing.dll (API version 3944462).
LogModuleManager: Display: Found up-to-date module file ../../../Engine/Plugins/Media/MediaCompositing/Binaries/Win64/UE4Editor-MediaCompositingEditor.dll (API version 3944462).
LogModuleManager: Display: Found up-to-date module file ../../../Engine/Plugins/Media/MediaPlayerEditor/Binaries/Win64/UE4Editor-MediaPlayerEditor.dll (API version 3944462).
LogModuleManager: Display: Found up-to-date module file ../../../Engine/Plugins/Media/WmfMedia/Binaries/Win64/UE4Editor-WmfMedia.dll (API version 3944462).
LogModuleManager: Display: Found up-to-date module file ../../../Engine/Plugins/Media/WmfMedia/Binaries/Win64/UE4Editor-WmfMediaEditor.dll (API version 3944462).
LogModuleManager: Display: Found up-to-date module file ../../../Engine/Plugins/Media/WmfMedia/Binaries/Win64/UE4Editor-WmfMediaFactory.dll (API version 3944462).
LogModuleManager: Display: Found up-to-date module file ../../../Engine/Plugins/Media/WmfMedia/Binaries/Win64/UE4Editor-WmfMediaFactory.dll (API version 3944462).
LogModuleManager: Display: Found up-to-date module file ../../../Engine/Plugins/Messaging/TcpMessaging/Binaries/Win64/UE4Editor-TcpMessaging.dll (API version 3944462).
LogModuleManager: Display: Found up-to-date module file ../../../Engine/Plugins/Messaging/UdpMessaging/Binaries/Win64/UE4Editor-UdpMessaging.dll (API version 3944462).
LogModuleManager: Display: Found up-to-date module file ../../../Engine/Plugins/MovieScene/ActorSequence/Binaries/Win64/UE4Editor-ActorSequence.dll (API version 3944462).
LogModuleManager: Display: Found up-to-date module file ../../../Engine/Plugins/MovieScene/LevelSequenceEditor/Binaries/Win64/UE4Editor-LevelSequenceEditor.dll (API version 3944462).
LogModuleManager: Display: Found up-to-date module file ../../../Engine/Plugins/MovieScene/MatineeToLevelSequence/Binaries/Win64/UE4Editor-MatineeToLevelSequence.dll (API version 3944462).
LogModuleManager: Display: Found up-to-date module file ../../../Engine/Plugins/NetcodeUnitTest/NetcodeUnitTest/Binaries/Win64/UE4Editor-NetcodeUnitTest.dll (API version 3944462).
LogModuleManager: Display: Found up-to-date module file ../../../Engine/Plugins/NetcodeUnitTest/NUTUnrealEngine4/Binaries/Win64/UE4Editor-NUTUnrealEngine4.dll (API version 3944462).
LogModuleManager: Display: Found up-to-date module file ../../../Engine/Plugins/Online/OnlineSubsystem/Binaries/Win64/UE4Editor-OnlineSubsystem.dll (API version 3944462).
LogModuleManager: Display: Found up-to-date module file ../../../Engine/Plugins/Runtime/AndroidPermission/Binaries/Win64/UE4Editor-AndroidPermission.dll (API version 3944462).
LogModuleManager: Display: Found up-to-date module file ../../../Engine/Plugins/Online/OnlineSubsystemNull/Binaries/Win64/UE4Editor-OnlineSubsystemNull.dll (API version 3944462).
LogModuleManager: Display: Found up-to-date module file ../../../Engine/Plugins/Online/OnlineSubsystemUtils/Binaries/Win64/UE4Editor-OnlineSubsystemUtils.dll (API version 3944462).
LogModuleManager: Display: Found up-to-date module file ../../../Engine/Plugins/Online/OnlineSubsystemUtils/Binaries/Win64/UE4Editor-OnlineBlueprintSupport.dll (API version 3944462).
LogModuleManager: Display: Found up-to-date module file ../../../Engine/Plugins/Runtime/AndroidDeviceProfileSelector/Binaries/Win64/UE4Editor-AndroidDeviceProfileSelector.dll (API version 3944462).
LogModuleManager: Display: Found up-to-date module file ../../../Engine/Plugins/Runtime/AppleARKit/Binaries/Win64/UE4Editor-AppleARKit.dll (API version 3944462).
LogModuleManager: Display: Found up-to-date module file ../../../Engine/Plugins/Runtime/ProceduralMeshComponent/Binaries/Win64/UE4Editor-ProceduralMeshComponent.dll (API version 3944462).
LogModuleManager: Display: Found up-to-date module file ../../../Engine/Plugins/Runtime/ProceduralMeshComponent/Binaries/Win64/UE4Editor-ProceduralMeshComponentEditor.dll (API version 3944462).
LogModuleManager: Display: Found up-to-date module file ../../../Engine/Plugins/Animation/LiveLink/Binaries/Win64/UE4Editor-LiveLink.dll (API version 3944462).
LogModuleManager: Display: Found up-to-date module file ../../../Engine/Plugins/Animation/LiveLink/Binaries/Win64/UE4Editor-LiveLinkEditor.dll (API version 3944462).
LogModuleManager: Display: Found up-to-date module file ../../../Engine/Plugins/Runtime/ArchVisCharacter/Binaries/Win64/UE4Editor-ArchVisCharacter.dll (API version 3944462).
LogModuleManager: Display: Found up-to-date module file ../../../Engine/Plugins/Runtime/AudioCapture/Binaries/Win64/UE4Editor-AudioCapture.dll (API version 3944462).
LogModuleManager: Display: Found up-to-date module file ../../../Engine/Plugins/Runtime/AudioCapture/Binaries/Win64/UE4Editor-AudioCaptureEditor.dll (API version 3944462).
LogModuleManager: Display: Found up-to-date module file ../../../Engine/Plugins/Runtime/CableComponent/Binaries/Win64/UE4Editor-CableComponent.dll (API version 3944462).
LogModuleManager: Display: Found up-to-date module file ../../../Engine/Plugins/Runtime/CustomMeshComponent/Binaries/Win64/UE4Editor-CustomMeshComponent.dll (API version 3944462).
LogModuleManager: Display: Found up-to-date module file ../../../Engine/Plugins/Runtime/ExampleDeviceProfileSelector/Binaries/Win64/UE4Editor-ExampleDeviceProfileSelector.dll (API version 3944462).
LogModuleManager: Display: Found up-to-date module file ../../../Engine/Plugins/Runtime/ImmediatePhysics/Binaries/Win64/UE4Editor-ImmediatePhysics.dll (API version 3944462).
LogModuleManager: Display: Found up-to-date module file ../../../Engine/Plugins/Runtime/ImmediatePhysics/Binaries/Win64/UE4Editor-ImmediatePhysicsEditor.dll (API version 3944462).
LogModuleManager: Display: Found up-to-date module file ../../../Engine/Plugins/Runtime/LocationServicesBPLibrary/Binaries/Win64/UE4Editor-LocationServicesBPLibrary.dll (API version 3944462).
LogModuleManager: Display: Found up-to-date module file ../../../Engine/Plugins/Runtime/MobilePatchingUtils/Binaries/Win64/UE4Editor-MobilePatchingUtils.dll (API version 3944462).
LogModuleManager: Display: Found up-to-date module file ../../../Engine/Plugins/Runtime/Oculus/OculusVR/Binaries/Win64/UE4Editor-OculusHMD.dll (API version 3944462).
LogModuleManager: Display: Found up-to-date module file ../../../Engine/Plugins/Runtime/Oculus/OculusVR/Binaries/Win64/UE4Editor-OculusInput.dll (API version 3944462).
LogModuleManager: Display: Found up-to-date module file ../../../Engine/Plugins/Runtime/Oculus/OculusVR/Binaries/Win64/UE4Editor-OculusEditor.dll (API version 3944462).
LogModuleManager: Display: Found up-to-date module file ../../../Engine/Plugins/Runtime/PhysXVehicles/Binaries/Win64/UE4Editor-PhysXVehicles.dll (API version 3944462).
LogModuleManager: Display: Found up-to-date module file ../../../Engine/Plugins/Runtime/PhysXVehicles/Binaries/Win64/UE4Editor-PhysXVehiclesEditor.dll (API version 3944462).
LogModuleManager: Display: Found up-to-date module file ../../../Engine/Plugins/Runtime/RuntimePhysXCooking/Binaries/Win64/UE4Editor-RuntimePhysXCooking.dll (API version 3944462).
LogModuleManager: Display: Found up-to-date module file ../../../Engine/Plugins/Runtime/Steam/SteamVR/Binaries/Win64/UE4Editor-SteamVR.dll (API version 3944462).
LogModuleManager: Display: Found up-to-date module file ../../../Engine/Plugins/Runtime/Steam/SteamVR/Binaries/Win64/UE4Editor-SteamVRController.dll (API version 3944462).
LogModuleManager: Display: Found up-to-date module file ../../../Engine/Plugins/Runtime/WindowsMoviePlayer/Binaries/Win64/UE4Editor-WindowsMoviePlayer.dll (API version 3944462).
LogPluginManager: Mounting plugin Paper2D
LogPluginManager: Mounting plugin LiveLink
LogPluginManager: Mounting plugin LightPropagationVolume
LogPluginManager: Mounting plugin CLionSourceCodeAccess
LogPluginManager: Mounting plugin CodeLiteSourceCodeAccess
LogPluginManager: Mounting plugin GitSourceControl
LogPluginManager: Mounting plugin KDevelopSourceCodeAccess
LogPluginManager: Mounting plugin NullSourceCodeAccess
LogPluginManager: Mounting plugin PerforceSourceControl
LogPluginManager: Mounting plugin SubversionSourceControl
LogPluginManager: Mounting plugin UObjectPlugin
LogPluginManager: Mounting plugin VisualStudioCodeSourceCodeAccess
LogPluginManager: Mounting plugin VisualStudioSourceCodeAccess
LogPluginManager: Mounting plugin XCodeSourceCodeAccess
LogPluginManager: Mounting plugin AssetManagerEditor
LogPluginManager: Mounting plugin CryptoKeys
LogPluginManager: Mounting plugin DataValidation
LogPluginManager: Mounting plugin FacialAnimation
LogPluginManager: Mounting plugin GameplayTagsEditor
LogPluginManager: Mounting plugin MobileLauncherProfileWizard
LogPluginManager: Mounting plugin PluginBrowser
LogPluginManager: Mounting plugin SpeedTreeImporter
LogPluginManager: Mounting plugin DatasmithContent
LogPluginManager: Mounting plugin AlembicImporter
LogPluginManager: Mounting plugin CharacterAI
LogPluginManager: Mounting plugin HTML5Networking
LogPluginManager: Mounting plugin AndroidMedia
LogPluginManager: Mounting plugin AvfMedia
LogPluginManager: Mounting plugin ImgMedia
LogPluginManager: Mounting plugin LinearTimecode
LogPluginManager: Mounting plugin MediaCompositing
LogPluginManager: Mounting plugin MediaPlayerEditor
LogPluginManager: Mounting plugin WmfMedia
LogPluginManager: Mounting plugin TcpMessaging
LogPluginManager: Mounting plugin UdpMessaging
LogPluginManager: Mounting plugin ActorSequence
LogPluginManager: Mounting plugin LevelSequenceEditor
LogPluginManager: Mounting plugin MatineeToLevelSequence
LogPluginManager: Mounting plugin NetcodeUnitTest
LogPluginManager: Mounting plugin NUTUnrealEngine4
LogPluginManager: Mounting plugin OnlineSubsystemGooglePlay
LogPluginManager: Mounting plugin OnlineSubsystemIOS
LogPluginManager: Mounting plugin OnlineSubsystem
LogPluginManager: Mounting plugin OnlineSubsystemNull
LogPluginManager: Mounting plugin OnlineSubsystemUtils
LogPluginManager: Mounting plugin AndroidDeviceProfileSelector
LogPluginManager: Mounting plugin AndroidMoviePlayer
LogPluginManager: Mounting plugin AndroidPermission
LogPluginManager: Mounting plugin AppleARKit
LogPluginManager: Mounting plugin AppleMoviePlayer
LogPluginManager: Mounting plugin ArchVisCharacter
LogPluginManager: Mounting plugin AudioCapture
LogPluginManager: Mounting plugin CableComponent
LogPluginManager: Mounting plugin CustomMeshComponent
LogPluginManager: Mounting plugin ExampleDeviceProfileSelector
LogPluginManager: Mounting plugin GoogleCloudMessaging
LogPluginManager: Mounting plugin ImmediatePhysics
LogPluginManager: Mounting plugin IOSDeviceProfileSelector
LogPluginManager: Mounting plugin LinuxDeviceProfileSelector
LogPluginManager: Mounting plugin LocationServicesBPLibrary
LogPluginManager: Mounting plugin MobilePatchingUtils
LogPluginManager: Mounting plugin OculusVR
LogPluginManager: Plugin shader directory ../../../Engine/Plugins/Runtime/Oculus/OculusVR/Shaders found
LogPluginManager: Mapping shader source directory ../../../Engine/Plugins/Runtime/Oculus/OculusVR/Shaders to virtual directory /Plugin/OculusVR
LogPluginManager: Mounting plugin PhysXVehicles
LogPluginManager: Mounting plugin ProceduralMeshComponent
LogPluginManager: Mounting plugin RuntimePhysXCooking
LogPluginManager: Mounting plugin SteamVR
LogPluginManager: Mounting plugin WindowsMoviePlayer
LogStreaming: Display: Took  1.688s to configure plugins.
LogInit: Using libcurl 7.47.1
LogInit:  - built for x86_64-pc-win32
LogInit:  - supports SSL with OpenSSL/1.0.2g
LogInit:  - supports HTTP deflate (compression) using libz 1.2.8
LogInit:  - other features:
LogInit:      CURL_VERSION_SSL
LogInit:      CURL_VERSION_LIBZ
LogInit:      CURL_VERSION_IPV6
LogInit:      CURL_VERSION_ASYNCHDNS
LogInit:      CURL_VERSION_LARGEFILE
LogInit:      CURL_VERSION_IDN
LogInit:  CurlRequestOptions (configurable via config and command line):
LogInit:  - bVerifyPeer = false  - Libcurl will NOT verify peer certificate
LogInit:  - bUseHttpProxy = false  - Libcurl will NOT use HTTP proxy
LogInit:  - bDontReuseConnections = false  - Libcurl will reuse connections
LogInit:  - CertBundlePath = nullptr  - Libcurl will use whatever was configured at build time.
LogInit:  - MaxHostConnections = 16  - Libcurl will limit the number of connections to a host
LogInit:  - LocalHostAddr = Default
LogInit: WinSock: version 1.1 (2.2), MaxSocks=32767, MaxUdp=65467
LogInit: WinSock: I am DESKTOP-KQUM2EF (192.168.1.102:0)
LogInit: Build: ++UE4+Release-4.19-CL-4033788
LogInit: Engine Version: 4.19.2-4033788+++UE4+Release-4.19
LogInit: Compatible Engine Version: 4.19.0-3944462+++UE4+Release-4.19
LogInit: Net CL: 3944462
LogDevObjectVersion: Number of dev versions registered: 18
LogDevObjectVersion:   Dev-Blueprints (B0D832E4-1F89-4F0D-ACCF-7EB736FD4AA2): 10
LogDevObjectVersion:   Dev-Build (E1C64328-A22C-4D53-A36C-8E866417BD8C): 0
LogDevObjectVersion:   Dev-Core (375EC13C-06E4-48FB-B500-84F0262A717E): 2
LogDevObjectVersion:   Dev-Editor (E4B068ED-F494-42E9-A231-DA0B2E46BB41): 23
LogDevObjectVersion:   Dev-Framework (CFFC743F-43B0-4480-9391-14DF171D2073): 33
LogDevObjectVersion:   Dev-Mobile (B02B49B5-BB20-44E9-A304-32B752E40360): 2
LogDevObjectVersion:   Dev-Networking (A4E4105C-59A1-49B5-A7C5-40C4547EDFEE): 0
LogDevObjectVersion:   Dev-Online (39C831C9-5AE6-47DC-9A44-9C173E1C8E7C): 0
LogDevObjectVersion:   Dev-Physics (78F01B33-EBEA-4F98-B9B4-84EACCB95AA2): 0
LogDevObjectVersion:   Dev-Platform (6631380F-2D4D-43E0-8009-CF276956A95A): 0
LogDevObjectVersion:   Dev-Rendering (12F88B9F-8875-4AFC-A67C-D90C383ABD29): 25
LogDevObjectVersion:   Dev-Sequencer (7B5AE74C-D270-4C10-A958-57980B212A5A): 6
LogDevObjectVersion:   Dev-VR (D7296918-1DD6-4BDD-9DE2-64A83CC13884): 1
LogDevObjectVersion:   Dev-LoadTimes (C2A15278-BFE7-4AFE-6C17-90FF531DF755): 1
LogDevObjectVersion:   Private-Geometry (6EACA3D4-40EC-4CC1-B786-8BED09428FC5): 2
LogDevObjectVersion:   Dev-AnimPhys (29E575DD-E0A3-4627-9D10-D276232CDCEA): 16
LogDevObjectVersion:   Dev-ReflectionCapture (6B266CEC-1EC7-4B8F-A30B-E4D90942FC07): 1
LogDevObjectVersion:   Dev-Automation (0DF73D61-A23F-47EA-B727-89E90C41499A): 1
LogInit: Compiled (64-bit): Apr 27 2018 02:06:57
LogInit: Compiled with Visual C++: 19.00.24215.01
LogInit: Build Configuration: Development
LogInit: Branch Name: ++UE4+Release-4.19
LogInit: Command Line:  
LogInit: Base Directory: C:/Program Files/Epic Games/UE_4.19/Engine/Binaries/Win64/
LogInit: Installed Engine Build: 1
LogStreaming: Display: Took  0.000s to delete old logs.
LogInit: Presizing for max 8388607 objects, including 0 objects not considered by GC, pre-allocating 0 bytes for permanent pool.
LogInit: Object subsystem initialized
[2018.09.16-13.19.22:869][  0]LogInit: Selected Device Profile: [Windows]
[2018.09.16-13.19.22:869][  0]LogInit: Applying CVar settings loaded from the selected device profile: [Windows]
[2018.09.16-13.19.22:890][  0]LogInit: Computer: DESKTOP-KQUM2EF
[2018.09.16-13.19.22:890][  0]LogInit: User: Mahir
[2018.09.16-13.19.22:890][  0]LogInit: CPU Page size=4096, Cores=4
[2018.09.16-13.19.22:890][  0]LogInit: High frequency timer resolution =2.742184 MHz
[2018.09.16-13.19.22:890][  0]LogMemory: Memory total: Physical=16.0GB (16GB approx)
[2018.09.16-13.19.22:890][  0]LogMemory: Platform Memory Stats for Windows
[2018.09.16-13.19.22:890][  0]LogMemory: Process Physical Memory: 274.09 MB used, 274.09 MB peak
[2018.09.16-13.19.22:890][  0]LogMemory: Process Virtual Memory: 264.84 MB used, 264.84 MB peak
[2018.09.16-13.19.22:890][  0]LogMemory: Physical Memory: 6758.29 MB used,  9584.07 MB free, 16342.36 MB total
[2018.09.16-13.19.22:890][  0]LogMemory: Virtual Memory: 4795.34 MB used,  9584.07 MB free, 134217728.00 MB total
[2018.09.16-13.19.22:925][  0]LogInit: Using OS detected language (tr-TR).
[2018.09.16-13.19.22:925][  0]LogInit: Using OS detected locale (tr-TR).
[2018.09.16-13.19.22:933][  0]LogTextLocalizationManager: No localization for 'tr-TR' exists, so 'en' will be used for the language.
[2018.09.16-13.19.23:372][  0]LogStreaming: Display: Took  0.448s to EndInitTextLocalization.
[2018.09.16-13.19.23:373][  0]LogInit: Setting process to per monitor DPI aware
[2018.09.16-13.19.23:413][  0]LogSlate: New Slate User Created.  User Index 0, Is Virtual User: 0
[2018.09.16-13.19.23:413][  0]LogSlate: Slate User Registered.  User Index 0, Is Virtual User: 0
[2018.09.16-13.19.25:235][  0]LogD3D11RHI: D3D11 adapters:
[2018.09.16-13.19.25:317][  0]LogD3D11RHI:    0. 'NVIDIA GeForce GTX 1070' (Feature Level 11_0)
[2018.09.16-13.19.25:317][  0]LogD3D11RHI:       8081/0/8171 MB DedicatedVideo/DedicatedSystem/SharedSystem, Outputs:1, VendorId:0x10de
[2018.09.16-13.19.25:320][  0]LogD3D11RHI:    1. 'Microsoft Basic Render Driver' (Feature Level 11_0)
[2018.09.16-13.19.25:320][  0]LogD3D11RHI:       0/0/8171 MB DedicatedVideo/DedicatedSystem/SharedSystem, Outputs:0, VendorId:0x1414
[2018.09.16-13.19.25:320][  0]LogD3D11RHI: Chosen D3D11 Adapter: 0
[2018.09.16-13.19.25:328][  0]LogD3D11RHI: Creating new Direct3DDevice
[2018.09.16-13.19.25:328][  0]LogD3D11RHI:     GPU DeviceId: 0x1be1 (for the marketing name, search the web for "GPU Device Id")
[2018.09.16-13.19.25:328][  0]LogWindows: EnumDisplayDevices:
[2018.09.16-13.19.25:328][  0]LogWindows:    0. 'NVIDIA GeForce GTX 1070' (P:1 D:1)
[2018.09.16-13.19.25:328][  0]LogWindows:    1. 'NVIDIA GeForce GTX 1070' (P:0 D:0)
[2018.09.16-13.19.25:328][  0]LogWindows:    2. 'NVIDIA GeForce GTX 1070' (P:0 D:0)
[2018.09.16-13.19.25:328][  0]LogWindows:    3. 'NVIDIA GeForce GTX 1070' (P:0 D:0)
[2018.09.16-13.19.25:328][  0]LogWindows: DebugString: GetVideoDriverDetailsInvalid PrimaryIsNotTheChoosenAdapter GetVideoDriverDetailsInvalid PrimaryIsNotTheChoosenAdapter GetVideoDriverDetailsInvalid PrimaryIsNotTheChoosenAdapter GetVideoDriverDetailsInvalid PrimaryIsNotTheChoosenAdapter FoundDriverCount:0 
[2018.09.16-13.19.25:329][  0]LogD3D11RHI:     Adapter Name: NVIDIA GeForce GTX 1070
[2018.09.16-13.19.25:329][  0]LogD3D11RHI:   Driver Version: Unknown (internal:Unknown, unified:Unknown)
[2018.09.16-13.19.25:329][  0]LogD3D11RHI:      Driver Date: Unknown
[2018.09.16-13.19.25:329][  0]LogRHI: Texture pool is 5656 MB (70% of 8081 MB)
[2018.09.16-13.19.25:374][  0]LogD3D11RHI: [Aftermath] Aftermath enabled and primed
[2018.09.16-13.19.25:375][  0]LogD3D11RHI: [Aftermath] Aftermath enabled and primed
[2018.09.16-13.19.25:375][  0]LogD3D11RHI: Async texture creation enabled
[2018.09.16-13.19.25:410][  0]LogD3D11RHI: GPU Timing Frequency: 1000.000000 (Debug: 2 2)
[2018.09.16-13.19.25:456][  0]LogShaderCompilers: Guid format shader working directory is -14 characters bigger than the processId version (../../../../../../Users/Mahir/Documents/GitHub/RGB_remaster/Intermediate/Shaders/WorkingDirectory/19320/).
[2018.09.16-13.19.25:456][  0]LogShaderCompilers: Cleaned the shader compiler working directory 'C:/Users/Mahir/AppData/Local/Temp/UnrealShaderWorkingDir/A7929CFB4A6F05ADC306BE878772B8C9/'.
[2018.09.16-13.19.25:696][  0]LogTemp: Display: Loaded TP AllDesktopTargetPlatform
[2018.09.16-13.19.25:712][  0]LogTemp: Display: Loaded TP MacClientTargetPlatform
[2018.09.16-13.19.25:727][  0]LogTemp: Display: Loaded TP MacNoEditorTargetPlatform
[2018.09.16-13.19.25:742][  0]LogTemp: Display: Loaded TP MacServerTargetPlatform
[2018.09.16-13.19.25:760][  0]LogTemp: Display: Loaded TP MacTargetPlatform
[2018.09.16-13.19.25:776][  0]LogTemp: Display: Loaded TP WindowsClientTargetPlatform
[2018.09.16-13.19.25:791][  0]LogTemp: Display: Loaded TP WindowsNoEditorTargetPlatform
[2018.09.16-13.19.25:808][  0]LogTemp: Display: Loaded TP WindowsServerTargetPlatform
[2018.09.16-13.19.25:816][  0]LogTemp: Display: Loaded TP WindowsTargetPlatform
[2018.09.16-13.19.25:829][  0]LogTemp: Display: Loaded TP Android_ASTCTargetPlatform
[2018.09.16-13.19.25:842][  0]LogTemp: Display: Loaded TP Android_ATCTargetPlatform
[2018.09.16-13.19.25:856][  0]LogTemp: Display: Loaded TP Android_DXTTargetPlatform
[2018.09.16-13.19.25:869][  0]LogTemp: Display: Loaded TP Android_ETC1aTargetPlatform
[2018.09.16-13.19.25:882][  0]LogTemp: Display: Loaded TP Android_ETC1TargetPlatform
[2018.09.16-13.19.25:896][  0]LogTemp: Display: Loaded TP Android_ETC2TargetPlatform
[2018.09.16-13.19.25:924][  0]LogTemp: Display: Loaded TP Android_MultiTargetPlatform
[2018.09.16-13.19.25:925][  0]LogTemp: Display: Loaded TP Android_PVRTCTargetPlatform
[2018.09.16-13.19.25:939][  0]LogTemp: Display: Loaded TP AndroidTargetPlatform
[2018.09.16-13.19.25:941][  0]LogTemp: Display: Loaded TP HTML5TargetPlatform
[2018.09.16-13.19.26:009][  0]LogTemp: Display: Loaded TP IOSTargetPlatform
[2018.09.16-13.19.26:022][  0]LogTemp: Display: Loaded TP TVOSTargetPlatform
[2018.09.16-13.19.26:035][  0]LogTemp: Display: Loaded TP LinuxClientTargetPlatform
[2018.09.16-13.19.26:049][  0]LogTemp: Display: Loaded TP LinuxNoEditorTargetPlatform
[2018.09.16-13.19.26:063][  0]LogTemp: Display: Loaded TP LinuxServerTargetPlatform
[2018.09.16-13.19.26:080][  0]LogTemp: Display: Loaded TP LinuxTargetPlatform
[2018.09.16-13.19.26:080][  0]LogTargetPlatformManager: Display: Building Assets For Windows
[2018.09.16-13.19.26:253][  0]LogXGEController: Cleaning working directory: C:/Users/Mahir/AppData/Local/Temp/UnrealXGEWorkingDir/
[2018.09.16-13.19.26:253][  0]LogXGEController: Cannot use XGE Controller as Incredibuild is not installed on this machine.
[2018.09.16-13.19.26:253][  0]LogShaderCompilers: Cannot use XGE Shader Compiler as Incredibuild is not installed on this machine.
[2018.09.16-13.19.26:253][  0]LogShaderCompilers: Display: Using Local Shader Compiler.
[2018.09.16-13.19.27:929][  0]LogDerivedDataCache: Display: Max Cache Size: 512 MB
[2018.09.16-13.19.28:228][  0]LogDerivedDataCache: Loaded boot cache 0.30s 74MB C:/Users/Mahir/AppData/Local/UnrealEngine/4.19/DerivedDataCache/Boot.ddc.
[2018.09.16-13.19.28:228][  0]LogDerivedDataCache: Display: Loaded Boot cache: C:/Users/Mahir/AppData/Local/UnrealEngine/4.19/DerivedDataCache/Boot.ddc
[2018.09.16-13.19.28:228][  0]LogDerivedDataCache: FDerivedDataBackendGraph:  Pak pak cache file ../../../../../../Users/Mahir/Documents/GitHub/RGB_remaster/DerivedDataCache/DDC.ddp not found, will not use a pak cache.
[2018.09.16-13.19.28:228][  0]LogDerivedDataCache: Unable to find inner node Pak for hierarchical cache Hierarchy.
[2018.09.16-13.19.28:228][  0]LogDerivedDataCache: FDerivedDataBackendGraph:  CompressedPak pak cache file ../../../../../../Users/Mahir/Documents/GitHub/RGB_remaster/DerivedDataCache/Compressed.ddp not found, will not use a pak cache.
[2018.09.16-13.19.28:228][  0]LogDerivedDataCache: Unable to find inner node CompressedPak for hierarchical cache Hierarchy.
[2018.09.16-13.19.28:246][  0]LogDerivedDataCache: Display: Pak cache opened for reading ../../../Engine/DerivedDataCache/Compressed.ddp.
[2018.09.16-13.19.28:260][  0]LogDerivedDataCache: Using Local data cache path C:/Users/Mahir/AppData/Local/UnrealEngine/Common/DerivedDataCache: Writable
[2018.09.16-13.19.28:260][  0]LogDerivedDataCache: Shared data cache path not found in *engine.ini, will not use an Shared cache.
[2018.09.16-13.19.28:260][  0]LogDerivedDataCache: Unable to find inner node Shared for hierarchical cache Hierarchy.
[2018.09.16-13.19.28:272][  0]LogMaterial: Verifying Global Shaders for PCD3D_SM5
[2018.09.16-13.19.28:272][  0]LogSlate: Using Freetype 2.6.0
[2018.09.16-13.19.28:285][  0]LogSlate: SlateFontCache - WITH_FREETYPE: 1, WITH_HARFBUZZ: 1
[2018.09.16-13.19.28:285][  0]LogSlate: SlateFontCache - WITH_FREETYPE: 1, WITH_HARFBUZZ: 1
[2018.09.16-13.19.28:775][  0]LogAssetRegistry: FAssetRegistry took 0.0276 seconds to start up
[2018.09.16-13.19.29:190][  0]LogInit: Selected Device Profile: [Windows]
[2018.09.16-13.19.29:407][  0]LogSimplygon: Simplygon DLL not present - disabling.
[2018.09.16-13.19.29:412][  0]LogMeshReduction: Using SimplygonSwarm for distributed automatic mesh merging
[2018.09.16-13.19.29:412][  0]LogMeshReduction: Using QuadricMeshReduction for automatic static mesh reduction
[2018.09.16-13.19.29:412][  0]LogMeshReduction: No automatic skeletal mesh reduction module available
[2018.09.16-13.19.29:412][  0]LogMeshReduction: No automatic mesh merging module available
[2018.09.16-13.19.29:412][  0]LogMeshMerging: No automatic mesh merging module available
[2018.09.16-13.19.29:461][  0]LogNetVersion: RGB , NetCL: 3944462, EngineNetVer: 2, GameNetVer: 0 (Checksum: 3488397036)
[2018.09.16-13.19.29:971][  0]LogPackageLocalizationCache: Processed 9 localized package path(s) for 1 prioritized culture(s) in 0.078945 seconds
[2018.09.16-13.19.29:982][  0]LogUObjectArray: 36729 objects as part of root set at end of initial load.
[2018.09.16-13.19.29:982][  0]LogUObjectAllocator: 7314528 out of 0 bytes used by permanent object pool.
[2018.09.16-13.19.29:982][  0]LogUObjectArray: CloseDisregardForGC: 0/0 objects in disregard for GC pool
[2018.09.16-13.19.35:673][  0]LogTcpMessaging: Initializing TcpMessaging bridge
[2018.09.16-13.19.35:712][  0]LogUdpMessaging: Initializing bridge on interface 0.0.0.0:0 to multicast group 230.0.0.1:6666.
[2018.09.16-13.19.36:317][  0]SourceControl: Source control is disabled
[2018.09.16-13.19.36:317][  0]SourceControl: Source control is disabled
[2018.09.16-13.19.36:346][  0]SourceControl: Source control is disabled
[2018.09.16-13.19.36:375][  0]SourceControl: Source control is disabled
[2018.09.16-13.19.37:137][  0]LogAndroidPermission: UAndroidPermissionCallbackProxy::GetInstance
[2018.09.16-13.19.37:358][  0]LogOcInput: OculusInput pre-init called
[2018.09.16-13.19.37:512][  0]LogEngine: Initializing Engine...
[2018.09.16-13.19.37:514][  0]LogHMD: Failed to initialize OpenVR with code 110
[2018.09.16-13.19.37:515][  0]LogStats: UGameplayTagsManager::ConstructGameplayTagTree: Construct from data asset -  0.000 s
[2018.09.16-13.19.37:516][  0]LogStats: UGameplayTagsManager::ConstructGameplayTagTree: GameplayTagTreeChangedEvent.Broadcast -  0.000 s
[2018.09.16-13.19.37:761][  0]LogAIModule: Creating AISystem for world Untitled
[2018.09.16-13.19.37:828][  0]LogInit: XAudio2 using 'Speakers (Realtek High Definition Audio)' : 2 channels at 48 kHz using 32 bits per sample (channel mask 0x3)
[2018.09.16-13.19.38:179][  0]LogInit: FAudioDevice initialized.
[2018.09.16-13.19.38:397][  0]LogDerivedDataCache: Saved boot cache 0.22s 74MB C:/Users/Mahir/AppData/Local/UnrealEngine/4.19/DerivedDataCache/Boot.ddc.
[2018.09.16-13.19.38:415][  0]LogInit: Texture streaming: Enabled
[2018.09.16-13.19.38:439][  0]LogEngineSessionManager: EngineSessionManager initialized
[2018.09.16-13.19.38:461][  0]LogInit: Transaction tracking system initialized
[2018.09.16-13.19.38:497][  0]BlueprintLog: New page: Editor Load
[2018.09.16-13.19.38:622][  0]LocalizationService: Localization service is disabled
[2018.09.16-13.19.38:766][  0]LogConsoleResponse: Display: 
[2018.09.16-13.19.38:970][  0]LogCook: Display: Max memory allowance for cook 16384mb min free memory 0mb
[2018.09.16-13.19.38:970][  0]LogCook: Display: Mobile HDR setting 1
[2018.09.16-13.19.38:970][  0]LogGameplayTags: Display: UGameplayTagsManager::DoneAddingNativeTags. DelegateIsBound: 0
[2018.09.16-13.19.38:970][  0]LogStats: UGameplayTagsManager::ConstructGameplayTagTree: Construct from data asset -  0.000 s
[2018.09.16-13.19.38:970][  0]LogStats: UGameplayTagsManager::ConstructGameplayTagTree: GameplayTagTreeChangedEvent.Broadcast -  0.000 s
[2018.09.16-13.19.39:742][  0]LogFileCache: Scanning file cache for directory 'C:/Users/Mahir/Documents/GitHub/RGB_remaster/Content/' took 0.02s
[2018.09.16-13.19.39:752][  0]SourceControl: Source control is disabled
[2018.09.16-13.19.39:752][  0]Cmd: MAP LOAD FILE="../../../../../../Users/Mahir/Documents/GitHub/RGB_remaster/Content/SideScrollerBP/Maps/SideScrollerExampleMap.umap" TEMPLATE=0 SHOWPROGRESS=1 FEATURELEVEL=3
[2018.09.16-13.19.39:752][  0]LightingResults: New page: Lighting Build
[2018.09.16-13.19.39:756][  0]MapCheck: New page: Map Check
[2018.09.16-13.19.39:756][  0]LightingResults: New page: Lighting Build
[2018.09.16-13.19.39:817][  0]LogUObjectGlobals: Created PersistentFrame Addr=0x000001513fd6e480, Size=64, Default__ThirdPerson_AnimBP_C Function /Game/Mannequin/Animations/ThirdPerson_AnimBP.ThirdPerson_AnimBP_C:ExecuteUbergraph_ThirdPerson_AnimBP
[2018.09.16-13.19.39:827][  0]LogUObjectGlobals: Destroyed PersistentFrame Addr=0x000001513fd6e480, Size=64
[2018.09.16-13.19.39:827][  0]LogUObjectGlobals: Created PersistentFrame Addr=0x000001513fd6e580, Size=64, Default__ThirdPerson_AnimBP_C Function /Engine/Transient.REINST_ThirdPerson_AnimBP_C_0:ExecuteUbergraph_ThirdPerson_AnimBP
[2018.09.16-13.19.39:835][  0]LogUObjectGlobals: Created PersistentFrame Addr=0x0000015121851300, Size=72, Default__ThirdPerson_AnimBP_C Function /Game/Mannequin/Animations/ThirdPerson_AnimBP.ThirdPerson_AnimBP_C:ExecuteUbergraph_ThirdPerson_AnimBP
[2018.09.16-13.19.39:838][  0]LogUObjectGlobals: Created PersistentFrame Addr=0x000001513fff5df0, Size=40, Default__Global_Data_C Function /Game/SideScrollerBP/data_base/Global_Data.Global_Data_C:ExecuteUbergraph_Global_Data
[2018.09.16-13.19.39:840][  0]LogUObjectGlobals: Destroyed PersistentFrame Addr=0x000001513fff5df0, Size=40
[2018.09.16-13.19.39:840][  0]LogUObjectGlobals: Created PersistentFrame Addr=0x000001513fff5df0, Size=40, Default__Global_Data_C Function /Engine/Transient.REINST_Global_Data_C_4:ExecuteUbergraph_Global_Data
[2018.09.16-13.19.39:841][  0]LogUObjectGlobals: Created PersistentFrame Addr=0x000001513fff5d78, Size=40, Default__Global_Data_C Function /Game/SideScrollerBP/data_base/Global_Data.Global_Data_C:ExecuteUbergraph_Global_Data
[2018.09.16-13.19.39:889][  0]LogUObjectGlobals: Created PersistentFrame Addr=0x000001512b732c80, Size=360, Default__SideScrollerCharacter_C Function /Game/SideScrollerBP/Blueprints/SideScrollerCharacter.SideScrollerCharacter_C:ExecuteUbergraph_SideScrollerCharacter
[2018.09.16-13.19.39:894][  0]LogUObjectGlobals: Destroyed PersistentFrame Addr=0x000001512b732c80, Size=360
[2018.09.16-13.19.39:894][  0]LogUObjectGlobals: Created PersistentFrame Addr=0x000001512b6d4700, Size=360, Default__SideScrollerCharacter_C Function /Engine/Transient.REINST_SideScrollerCharacter_C_6:ExecuteUbergraph_SideScrollerCharacter
[2018.09.16-13.19.39:898][  0]LogUObjectGlobals: Created PersistentFrame Addr=0x000001512d9ee500, Size=360, Default__SideScrollerCharacter_C Function /Game/SideScrollerBP/Blueprints/SideScrollerCharacter.SideScrollerCharacter_C:ExecuteUbergraph_SideScrollerCharacter
[2018.09.16-13.19.39:982][  0]LogUObjectGlobals: Created PersistentFrame Addr=0x000001512204bc48, Size=56, Default__Blocks_C Function /Game/Level/level_elements/Blocks.Blocks_C:ExecuteUbergraph_Blocks
[2018.09.16-13.19.39:984][  0]LogUObjectGlobals: Destroyed PersistentFrame Addr=0x000001512204bc48, Size=56
[2018.09.16-13.19.39:984][  0]LogUObjectGlobals: Created PersistentFrame Addr=0x000001512204bc48, Size=56, Default__Blocks_C Function /Engine/Transient.REINST_Blocks_C_10:ExecuteUbergraph_Blocks
[2018.09.16-13.19.39:985][  0]LogUObjectGlobals: Created PersistentFrame Addr=0x000001512204b5f0, Size=56, Default__Blocks_C Function /Game/Level/level_elements/Blocks.Blocks_C:ExecuteUbergraph_Blocks
[2018.09.16-13.19.40:003][  0]LogUObjectGlobals: Created PersistentFrame Addr=0x000001512da4bd90, Size=24, Default__Blue_1_C Function /Game/Level/Level_presets/Blue_sets/Blue_1.Blue_1_C:ExecuteUbergraph_Blue_1
[2018.09.16-13.19.40:008][  0]LogUObjectGlobals: Destroyed PersistentFrame Addr=0x000001512da4bd90, Size=24
[2018.09.16-13.19.40:008][  0]LogUObjectGlobals: Created PersistentFrame Addr=0x000001512da4bd90, Size=24, Default__Blue_1_C Function /Engine/Transient.REINST_Blue_1_C_18:ExecuteUbergraph_Blue_1
[2018.09.16-13.19.40:011][  0]LogUObjectGlobals: Created PersistentFrame Addr=0x000001512da4a938, Size=24, Default__Blue_1_C Function /Game/Level/Level_presets/Blue_sets/Blue_1.Blue_1_C:ExecuteUbergraph_Blue_1
[2018.09.16-13.19.40:016][  0]LogUObjectGlobals: Created PersistentFrame Addr=0x000001513f5eab10, Size=16, Default__Blue_start_C Function /Game/Level/Level_presets/Blue_sets/Blue_start.Blue_start_C:ExecuteUbergraph_Blue_start
[2018.09.16-13.19.40:019][  0]LogUObjectGlobals: Destroyed PersistentFrame Addr=0x000001513f5eab10, Size=16
[2018.09.16-13.19.40:019][  0]LogUObjectGlobals: Created PersistentFrame Addr=0x000001513f5eab10, Size=16, Default__Blue_start_C Function /Engine/Transient.REINST_Blue_start_C_20:ExecuteUbergraph_Blue_start
[2018.09.16-13.19.40:021][  0]LogUObjectGlobals: Created PersistentFrame Addr=0x000001513f5eaab0, Size=16, Default__Blue_start_C Function /Game/Level/Level_presets/Blue_sets/Blue_start.Blue_start_C:ExecuteUbergraph_Blue_start
[2018.09.16-13.19.40:035][  0]LogUObjectGlobals: Created PersistentFrame Addr=0x00000151219dedb8, Size=4, Default__Red_start_C Function /Game/Level/Level_presets/Red_sets/Red_start.Red_start_C:ExecuteUbergraph_Red_start
[2018.09.16-13.19.40:038][  0]LogUObjectGlobals: Destroyed PersistentFrame Addr=0x00000151219dedb8, Size=4
[2018.09.16-13.19.40:038][  0]LogUObjectGlobals: Created PersistentFrame Addr=0x00000151219dedb8, Size=4, Default__Red_start_C Function /Engine/Transient.REINST_Red_start_C_24:ExecuteUbergraph_Red_start
[2018.09.16-13.19.40:040][  0]LogUObjectGlobals: Created PersistentFrame Addr=0x0000015121d2ff00, Size=4, Default__Red_start_C Function /Game/Level/Level_presets/Red_sets/Red_start.Red_start_C:ExecuteUbergraph_Red_start
[2018.09.16-13.19.40:046][  0]LogUObjectGlobals: Created PersistentFrame Addr=0x0000015121d06c00, Size=560, Default__Level_creator_C Function /Game/Level/Level_creator.Level_creator_C:ExecuteUbergraph_Level_creator
[2018.09.16-13.19.40:054][  0]LogUObjectGlobals: Destroyed PersistentFrame Addr=0x0000015121d06c00, Size=560
[2018.09.16-13.19.40:054][  0]LogUObjectGlobals: Created PersistentFrame Addr=0x0000015121d06c00, Size=560, Default__Level_creator_C Function /Engine/Transient.REINST_Level_creator_C_26:ExecuteUbergraph_Level_creator
[2018.09.16-13.19.40:062][  0]LogUObjectGlobals: Created PersistentFrame Addr=0x0000015121b87600, Size=560, Default__Level_creator_C Function /Game/Level/Level_creator.Level_creator_C:ExecuteUbergraph_Level_creator
[2018.09.16-13.19.40:073][  0]LogUObjectGlobals: Created PersistentFrame Addr=0x000001513fd6e900, Size=64, Default__HealthBar_C Function /Game/UI/HealthBar.HealthBar_C:ExecuteUbergraph_HealthBar
[2018.09.16-13.19.40:074][  0]LogUObjectGlobals: Destroyed PersistentFrame Addr=0x000001513fd6e900, Size=64
[2018.09.16-13.19.40:075][  0]LogUObjectGlobals: Created PersistentFrame Addr=0x000001513fd6f940, Size=64, Default__HealthBar_C Function /Engine/Transient.REINST_HealthBar_C_0:ExecuteUbergraph_HealthBar
[2018.09.16-13.19.40:075][  0]LogUObjectGlobals: Created PersistentFrame Addr=0x0000015121d40f40, Size=64, Default__HealthBar_C Function /Game/UI/HealthBar.HealthBar_C:ExecuteUbergraph_HealthBar
[2018.09.16-13.19.40:078][  0]LogUObjectGlobals: Created PersistentFrame Addr=0x0000015121998fa0, Size=32, Default__SideScrollerExampleMap_C Function /Game/SideScrollerBP/Maps/SideScrollerExampleMap.SideScrollerExampleMap_C:ExecuteUbergraph_SideScrollerExampleMap
[2018.09.16-13.19.40:081][  0]LogUObjectGlobals: Destroyed PersistentFrame Addr=0x0000015121998fa0, Size=32
[2018.09.16-13.19.40:081][  0]LogUObjectGlobals: Created PersistentFrame Addr=0x0000015121998fa0, Size=32, Default__SideScrollerExampleMap_C Function /Engine/Transient.REINST_SideScrollerExampleMap_C_29:ExecuteUbergraph_SideScrollerExampleMap
[2018.09.16-13.19.40:082][  0]LogUObjectGlobals: Created PersistentFrame Addr=0x0000015121f133e0, Size=32, Default__SideScrollerExampleMap_C Function /Game/SideScrollerBP/Maps/SideScrollerExampleMap.SideScrollerExampleMap_C:ExecuteUbergraph_SideScrollerExampleMap
[2018.09.16-13.19.40:204][  0]LogSkeletalMesh: Skeletal Mesh found in DDC [12.446283ms] /Game/Mannequin/Character/Mesh/SK_Mannequin.SK_Mannequin
[2018.09.16-13.19.40:319][  0]LogAIModule: Creating AISystem for world SideScrollerExampleMap
[2018.09.16-13.19.40:330][  0]LogEditorServer: Finished looking for orphan Actors (0.000 secs)
[2018.09.16-13.19.40:344][  0]LogUObjectGlobals: Destroyed PersistentFrame Addr=0x000001513fd6e580, Size=64
[2018.09.16-13.19.40:344][  0]LogUObjectGlobals: Destroyed PersistentFrame Addr=0x000001513fff5df0, Size=40
[2018.09.16-13.19.40:344][  0]LogUObjectGlobals: Destroyed PersistentFrame Addr=0x000001512b6d4700, Size=360
[2018.09.16-13.19.40:344][  0]LogUObjectGlobals: Destroyed PersistentFrame Addr=0x000001512204bc48, Size=56
[2018.09.16-13.19.40:344][  0]LogUObjectGlobals: Destroyed PersistentFrame Addr=0x000001512da4bd90, Size=24
[2018.09.16-13.19.40:344][  0]LogUObjectGlobals: Destroyed PersistentFrame Addr=0x000001513f5eab10, Size=16
[2018.09.16-13.19.40:344][  0]LogUObjectGlobals: Destroyed PersistentFrame Addr=0x00000151219dedb8, Size=4
[2018.09.16-13.19.40:344][  0]LogUObjectGlobals: Destroyed PersistentFrame Addr=0x0000015121d06c00, Size=560
[2018.09.16-13.19.40:344][  0]LogUObjectGlobals: Destroyed PersistentFrame Addr=0x000001513fd6f940, Size=64
[2018.09.16-13.19.40:344][  0]LogUObjectGlobals: Destroyed PersistentFrame Addr=0x0000015121998fa0, Size=32
[2018.09.16-13.19.40:345][  0]Cmd: MAP CHECKDEP NOCLEARLOG
[2018.09.16-13.19.40:460][  0]MapCheck: Map check complete: 0 Error(s), 0 Warning(s), took 113,947ms to complete.
[2018.09.16-13.19.40:460][  0]LogFileHelpers: Loading map 'SideScrollerExampleMap' took 0.708
[2018.09.16-13.19.40:548][  0]LogCollectionManager: Loaded 0 collections in 0.002331 seconds
[2018.09.16-13.19.40:594][  0]LogFileCache: Scanning file cache for directory 'C:/Users/Mahir/Documents/GitHub/RGB_remaster/Saved/Collections/' took 0.01s
[2018.09.16-13.19.40:594][  0]LogFileCache: Scanning file cache for directory 'C:/Users/Mahir/Documents/GitHub/RGB_remaster/Content/Developers/Mahir/Collections/' took 0.01s
[2018.09.16-13.19.40:594][  0]LogFileCache: Scanning file cache for directory 'C:/Users/Mahir/Documents/GitHub/RGB_remaster/Content/Collections/' took 0.01s
[2018.09.16-13.19.40:594][  0]LogCollectionManager: Rebuilt the GUID cache for 0 collections in 0.000001 seconds
[2018.09.16-13.19.40:603][  0]LogContentBrowser: Native class hierarchy populated in 0.0083 seconds. Added 2452 classes and 558 folders.
[2018.09.16-13.19.40:611][  0]LogContentBrowser: Native class hierarchy updated for 'WidgetCarousel' in 0.0002 seconds. Added 0 classes and 0 folders.
[2018.09.16-13.19.40:679][  0]LogContentBrowser: Native class hierarchy updated for 'AddContentDialog' in 0.0002 seconds. Added 0 classes and 0 folders.
[2018.09.16-13.19.40:734][  0]LogContentBrowser: Native class hierarchy updated for 'SceneOutliner' in 0.0003 seconds. Added 1 classes and 2 folders.
[2018.09.16-13.19.40:805][  0]LogSlate: Took 0.000490 seconds to synchronously load lazily loaded font '../../../Engine/Content/Slate/Fonts/Roboto-Regular.ttf' (155K)
[2018.09.16-13.19.40:808][  0]LogSlate: Took 0.000485 seconds to synchronously load lazily loaded font '../../../Engine/Content/Slate/Fonts/Roboto-Bold.ttf' (160K)
[2018.09.16-13.19.40:810][  0]LogSlate: Took 0.000374 seconds to synchronously load lazily loaded font '../../../Engine/Content/Editor/Slate/Fonts/FontAwesome.ttf' (139K)
[2018.09.16-13.19.40:919][  0]LogRenderer: Reallocating scene render targets to support 1004x964 Format 10 NumSamples 1 (Frame:1).
[2018.09.16-13.19.41:094][  0]LogContentBrowser: Native class hierarchy updated for 'HierarchicalLODOutliner' in 0.0002 seconds. Added 0 classes and 0 folders.
[2018.09.16-13.19.41:094][  0]LogLoad: (Engine Initialization) Total time: 21.88 seconds
[2018.09.16-13.19.41:094][  0]LogLoad: (Engine Initialization) Total Blueprint compile time: 0.00 seconds
[2018.09.16-13.19.41:455][  0]LogContentStreaming: Texture pool size now 1000 MB
[2018.09.16-13.19.41:469][  0]LogSlate: Took 0.000683 seconds to synchronously load lazily loaded font '../../../Engine/Content/Slate/Fonts/Roboto-Light.ttf' (167K)
[2018.09.16-13.19.41:778][  1]LogAssetRegistry: Asset discovery search completed in 13.0248 seconds
[2018.09.16-13.19.41:780][  1]LogCollectionManager: Rebuilt the object cache for 0 collections in 0.000000 seconds (found 0 objects)
[2018.09.16-13.19.41:780][  1]LogCollectionManager: Fixed up redirectors for 0 collections in 0.000044 seconds (updated 0 objects)
[2018.09.16-13.19.51:101][ 29]LogSlate: FSceneViewport::OnFocusLost() reason 0
[2018.09.16-13.20.02:526][713]LogSlate: Prevented a slow task dialog from being summoned while a context menu was open
[2018.09.16-13.20.03:227][713]LogAIModule: Creating AISystem for world Advanced_Lighting
[2018.09.16-13.20.03:377][713]LogAIModule: Creating AISystem for world Minimal_Default
[2018.09.16-13.20.03:752][713]LogUObjectGlobals: Created PersistentFrame Addr=0x0000015164417138, Size=4, Default__StarterMap_C Function /Game/StarterContent/Maps/StarterMap.StarterMap_C:ExecuteUbergraph_StarterMap
[2018.09.16-13.20.03:754][713]LogUObjectGlobals: Destroyed PersistentFrame Addr=0x0000015164417138, Size=4
[2018.09.16-13.20.03:754][713]LogUObjectGlobals: Created PersistentFrame Addr=0x0000015164417138, Size=4, Default__StarterMap_C Function /Engine/Transient.REINST_StarterMap_C_47:ExecuteUbergraph_StarterMap
[2018.09.16-13.20.03:755][713]LogUObjectGlobals: Created PersistentFrame Addr=0x0000015164417088, Size=4, Default__StarterMap_C Function /Game/StarterContent/Maps/StarterMap.StarterMap_C:ExecuteUbergraph_StarterMap
[2018.09.16-13.20.04:270][713]LogAIModule: Creating AISystem for world StarterMap
[2018.09.16-13.20.04:740][713]LogUObjectGlobals: Destroyed PersistentFrame Addr=0x0000015164417138, Size=4
[2018.09.16-13.20.26:933][713]LogSlate: Window 'Delete Assets' being destroyed
[2018.09.16-13.20.26:947][713]LogSlate: Took 0.000444 seconds to synchronously load lazily loaded font '../../../Engine/Content/Slate/Fonts/Roboto-Light.ttf' (167K)
[2018.09.16-13.20.29:567][713]LogUObjectGlobals: Destroyed PersistentFrame Addr=0x0000015164417088, Size=4
